{
  "RSpec": {
    "coverage": {
      "/Users/dewaldviljoen/Desktop/Applications/Week_4/Bookmark Manager/bookmark_challenge/app.rb": {
        "lines": [
          1,
          1,
          1,
          null,
          1,
          1,
          1,
          null,
          null,
          1,
          1,
          null,
          null,
          1,
          1,
          null,
          null,
          1,
          1,
          1,
          null,
          null,
          1,
          1,
          1,
          1,
          0,
          null,
          null,
          1,
          null
        ]
      },
      "/Users/dewaldviljoen/Desktop/Applications/Week_4/Bookmark Manager/bookmark_challenge/lib/bookmark.rb": {
        "lines": [
          1,
          1,
          1,
          2,
          2,
          null,
          0,
          null,
          2,
          8,
          null,
          null
        ]
      },
      "/Users/dewaldviljoen/Desktop/Applications/Week_4/Bookmark Manager/bookmark_challenge/spec/bookmark_spec.rb": {
        "lines": [
          1,
          null,
          1,
          1,
          1,
          1,
          null,
          1,
          1,
          1,
          null,
          1,
          1,
          1,
          1,
          null,
          null,
          null,
          1,
          1,
          null,
          null,
          null,
          null,
          null
        ]
      },
      "/Users/dewaldviljoen/Desktop/Applications/Week_4/Bookmark Manager/bookmark_challenge/spec/features/bookmark_feat_spec.rb": {
        "lines": [
          1,
          null,
          1,
          1,
          1,
          1,
          1,
          1,
          1,
          null,
          null,
          null,
          1,
          1,
          1,
          1,
          1,
          1,
          null,
          null
        ]
      },
      "/Users/dewaldviljoen/Desktop/Applications/Week_4/Bookmark Manager/bookmark_challenge/spec/features/web_helper.rb": {
        "lines": [
          1,
          1,
          null,
          1,
          1,
          1,
          null
        ]
      },
      "/Users/dewaldviljoen/Desktop/Applications/Week_4/Bookmark Manager/bookmark_challenge/spec/features/index_feat_spec.rb": {
        "lines": [
          1,
          1,
          1,
          1,
          null,
          null
        ]
      }
    },
    "timestamp": 1621442125
  }
}
